0 info it worked if it ends with ok
1 verbose cli [ 'node', '/usr/local/bin/npm', 'install', '-g', 'vercel' ]
2 info using npm@2.11.3
3 info using node@v0.12.7
4 verbose install initial load of /usr/local/lib/package.json
5 verbose readDependencies loading dependencies from /usr/local/lib/package.json
6 silly cache add args [ 'vercel', null ]
7 verbose cache add spec vercel
8 silly cache add parsed spec { raw: 'vercel',
8 silly cache add   scope: null,
8 silly cache add   name: 'vercel',
8 silly cache add   rawSpec: '',
8 silly cache add   spec: '*',
8 silly cache add   type: 'range' }
9 silly addNamed vercel@*
10 verbose addNamed "*" is a valid semver range for vercel
11 silly addNameRange { name: 'vercel', range: '*', hasData: false }
12 silly mapToRegistry name vercel
13 silly mapToRegistry using default registry
14 silly mapToRegistry registry https://registry.npmjs.org/
15 silly mapToRegistry uri https://registry.npmjs.org/vercel
16 verbose addNameRange registry:https://registry.npmjs.org/vercel not in flight; fetching
17 verbose request uri https://registry.npmjs.org/vercel
18 verbose request no auth needed
19 info attempt registry request try #1 at 5:13:30 PM
20 verbose request id 4082a2ae85b3d0f6
21 verbose etag W/"b00ff2c4e5153c9c356d228fffe2e06f"
22 verbose lastModified Wed, 10 Jan 2024 21:53:32 GMT
23 http request GET https://registry.npmjs.org/vercel
24 http 304 https://registry.npmjs.org/vercel
25 silly get cb [ 304,
25 silly get   { date: 'Fri, 12 Jan 2024 23:13:30 GMT',
25 silly get     connection: 'keep-alive',
25 silly get     'cf-ray': '844917277d7828b1-DFW',
25 silly get     'cf-cache-status': 'HIT',
25 silly get     age: '149',
25 silly get     'cache-control': 'public, max-age=300',
25 silly get     etag: '"b00ff2c4e5153c9c356d228fffe2e06f"',
25 silly get     'last-modified': 'Wed, 10 Jan 2024 21:53:32 GMT',
25 silly get     vary: 'Accept-Encoding',
25 silly get     server: 'cloudflare' } ]
26 verbose etag https://registry.npmjs.org/vercel from cache
27 verbose get saving vercel to /Users/evanwright/.npm/registry.npmjs.org/vercel/.cache.json
28 silly addNameRange number 2 { name: 'vercel', range: '*', hasData: true }
29 silly addNameRange versions [ 'vercel',
29 silly addNameRange   [ '1.0.0',
29 silly addNameRange     '18.0.1-canary.15',
29 silly addNameRange     '18.0.1-canary.19',
29 silly addNameRange     '18.0.1-canary.20',
29 silly addNameRange     '18.0.1-canary.21',
29 silly addNameRange     '18.0.1-canary.22',
29 silly addNameRange     '18.0.1-canary.23',
29 silly addNameRange     '18.0.1-canary.24',
29 silly addNameRange     '19.0.0',
29 silly addNameRange     '19.0.1-canary.0',
29 silly addNameRange     '19.0.1',
29 silly addNameRange     '19.0.2-canary.0',
29 silly addNameRange     '19.0.2-canary.1',
29 silly addNameRange     '19.0.2-canary.2',
29 silly addNameRange     '19.0.2-canary.4',
29 silly addNameRange     '19.0.2-canary.5',
29 silly addNameRange     '19.0.2-canary.6',
29 silly addNameRange     '19.0.2-canary.7',
29 silly addNameRange     '19.0.2-canary.8',
29 silly addNameRange     '19.0.2-canary.9',
29 silly addNameRange     '19.0.2-canary.10',
29 silly addNameRange     '19.0.2-canary.11',
29 silly addNameRange     '19.0.2-canary.12',
29 silly addNameRange     '19.0.2-canary.13',
29 silly addNameRange     '19.0.2-canary.14',
29 silly addNameRange     '19.0.2-canary.15',
29 silly addNameRange     '19.0.2-canary.16',
29 silly addNameRange     '19.0.2-canary.17',
29 silly addNameRange     '19.1.0',
29 silly addNameRange     '19.1.1-canary.0',
29 silly addNameRange     '19.1.1-canary.1',
29 silly addNameRange     '19.1.1-canary.2',
29 silly addNameRange     '19.1.1-canary.3',
29 silly addNameRange     '19.1.1-canary.4',
29 silly addNameRange     '19.1.1',
29 silly addNameRange     '19.1.2-canary.0',
29 silly addNameRange     '19.1.2-canary.1',
29 silly addNameRange     '19.1.2-canary.2',
29 silly addNameRange     '19.1.2-canary.3',
29 silly addNameRange     '19.1.2-canary.4',
29 silly addNameRange     '19.1.2-canary.5',
29 silly addNameRange     '19.1.2-canary.6',
29 silly addNameRange     '19.1.2-canary.7',
29 silly addNameRange     '19.1.2-canary.8',
29 silly addNameRange     '19.1.2-canary.9',
29 silly addNameRange     '19.1.2-canary.10',
29 silly addNameRange     '19.1.2-canary.11',
29 silly addNameRange     '19.1.2-canary.12',
29 silly addNameRange     '19.1.2-canary.13',
29 silly addNameRange     '19.1.2-canary.14',
29 silly addNameRange     '19.1.2-canary.15',
29 silly addNameRange     '19.1.2-canary.16',
29 silly addNameRange     '19.1.2-canary.17',
29 silly addNameRange     '19.1.2-canary.18',
29 silly addNameRange     '19.1.2-canary.19',
29 silly addNameRange     '19.1.2-canary.20',
29 silly addNameRange     '19.1.2-canary.21',
29 silly addNameRange     '19.1.2-canary.22',
29 silly addNameRange     '19.1.2',
29 silly addNameRange     '19.1.3-canary.0',
29 silly addNameRange     '19.1.3-canary.1',
29 silly addNameRange     '19.1.3-canary.2',
29 silly addNameRange     '19.1.3-canary.3',
29 silly addNameRange     '19.1.3-canary.4',
29 silly addNameRange     '19.1.3-canary.5',
29 silly addNameRange     '19.1.3-canary.6',
29 silly addNameRange     '19.2.0',
29 silly addNameRange     '19.2.1-canary.0',
29 silly addNameRange     '19.2.1-canary.1',
29 silly addNameRange     '19.2.1-canary.2',
29 silly addNameRange     '20.0.0-canary.1',
29 silly addNameRange     '20.0.0-canary.2',
29 silly addNameRange     '20.0.0-canary.3',
29 silly addNameRange     '20.0.0-canary.4',
29 silly addNameRange     '20.0.0-canary.5',
29 silly addNameRange     '20.0.0-canary.6',
29 silly addNameRange     '20.0.0-canary.7',
29 silly addNameRange     '20.0.0-canary.8',
29 silly addNameRange     '20.0.0-canary.9',
29 silly addNameRange     '20.0.0-canary.10',
29 silly addNameRange     '20.0.0-canary.11',
29 silly addNameRange     '20.0.0-canary.12',
29 silly addNameRange     '20.0.0-bundled.0',
29 silly addNameRange     '20.0.0-bundled.1',
29 silly addNameRange     '20.0.0-canary.13',
29 silly addNameRange     '20.0.0-canary.14',
29 silly addNameRange     '20.0.0-canary.15',
29 silly addNameRange     '20.0.0-canary.16',
29 silly addNameRange     '20.0.0-canary.17',
29 silly addNameRange     '20.0.0-canary.18',
29 silly addNameRange     '20.0.0-canary.19',
29 silly addNameRange     '20.0.0-canary.20',
29 silly addNameRange     '20.0.0-canary.21',
29 silly addNameRange     '20.0.0-canary.22',
29 silly addNameRange     '20.0.0-canary.23',
29 silly addNameRange     '20.0.0-canary.24',
29 silly addNameRange     '20.0.0-canary.25',
29 silly addNameRange     '20.0.0-canary.26',
29 silly addNameRange     '20.0.0',
29 silly addNameRange     '20.0.1-canary.0',
29 silly addNameRange     '20.0.1-canary.1',
29 silly addNameRange     '20.0.1-canary.2',
29 silly addNameRange     '20.1.0',
29 silly addNameRange     '20.1.1-canary.0',
29 silly addNameRange     '20.1.1-canary.1',
29 silly addNameRange     '20.1.1-canary.2',
29 silly addNameRange     '20.1.1-canary.3',
29 silly addNameRange     '20.1.1-canary.4',
29 silly addNameRange     '20.1.1-canary.5',
29 silly addNameRange     '20.1.1-canary.6',
29 silly addNameRange     '20.1.1-canary.7',
29 silly addNameRange     '20.1.1-canary.8',
29 silly addNameRange     '20.1.1',
29 silly addNameRange     '20.1.2-canary.0',
29 silly addNameRange     '20.1.2-canary.1',
29 silly addNameRange     '20.1.2-canary.2',
29 silly addNameRange     '20.1.2-canary.3',
29 silly addNameRange     '20.1.2-canary.4',
29 silly addNameRange     '20.1.2-canary.5',
29 silly addNameRange     '20.1.2',
29 silly addNameRange     '20.1.3-canary.0',
29 silly addNameRange     '20.1.3-canary.1',
29 silly addNameRange     '20.1.3-canary.2',
29 silly addNameRange     '20.1.3-canary.3',
29 silly addNameRange     '20.1.3-canary.4',
29 silly addNameRange     '20.1.3-canary.5',
29 silly addNameRange     '20.1.3-canary.6',
29 silly addNameRange     '20.1.3-canary.7',
29 silly addNameRange     '20.1.3-canary.8',
29 silly addNameRange     '20.1.3-canary.9',
29 silly addNameRange     '20.1.3',
29 silly addNameRange     '20.1.4-canary.0',
29 silly addNameRange     '20.1.4-canary.1',
29 silly addNameRange     '20.1.4',
29 silly addNameRange     '20.1.5-canary.0',
29 silly addNameRange     '20.1.5-canary.1',
29 silly addNameRange     '20.1.5-canary.2',
29 silly addNameRange     '20.1.5-canary.3',
29 silly addNameRange     '20.1.5-canary.4',
29 silly addNameRange     '20.1.5-canary.5',
29 silly addNameRange     '20.1.5-canary.6',
29 silly addNameRange     '21.0.0',
29 silly addNameRange     '21.0.1-canary.0',
29 silly addNameRange     '21.0.1',
29 silly addNameRange     '21.0.2-canary.0',
29 silly addNameRange     '21.0.2-canary.1',
29 silly addNameRange     '21.0.2-canary.2',
29 silly addNameRange     '21.0.2-canary.3',
29 silly addNameRange     '21.0.2-canary.4',
29 silly addNameRange     '21.0.2-canary.5',
29 silly addNameRange     '21.0.2-canary.6',
29 silly addNameRange     '21.0.2-canary.7',
29 silly addNameRange     '21.0.2-canary.8',
29 silly addNameRange     '21.0.2-canary.9',
29 silly addNameRange     '21.0.2-canary.10',
29 silly addNameRange     '21.1.0',
29 silly addNameRange     '21.1.1-canary.0',
29 silly addNameRange     '21.1.1-canary.1',
29 silly addNameRange     '21.1.1-canary.2',
29 silly addNameRange     '21.1.1-canary.3',
29 silly addNameRange     '21.2.0',
29 silly addNameRange     '21.2.1-canary.0',
29 silly addNameRange     '21.2.1',
29 silly addNameRange     '21.2.2-canary.0',
29 silly addNameRange     '21.2.2-canary.1',
29 silly addNameRange     '21.2.2',
29 silly addNameRange     '21.2.3-canary.0',
29 silly addNameRange     '21.2.3',
29 silly addNameRange     '21.2.4-canary.0',
29 silly addNameRange     '21.2.4-canary.1',
29 silly addNameRange     '21.2.4-canary.2',
29 silly addNameRange     '21.2.4-canary.3',
29 silly addNameRange     '21.2.4-canary.4',
29 silly addNameRange     '21.2.4-canary.5',
29 silly addNameRange     '21.2.4-canary.6',
29 silly addNameRange     '21.2.4-canary.7',
29 silly addNameRange     '21.2.4-canary.8',
29 silly addNameRange     '21.2.4-canary.9',
29 silly addNameRange     '21.2.4-canary.10',
29 silly addNameRange     '21.2.4-canary.11',
29 silly addNameRange     '21.2.4-canary.12',
29 silly addNameRange     '21.2.4-canary.13',
29 silly addNameRange     '21.2.4-canary.14',
29 silly addNameRange     '21.3.0',
29 silly addNameRange     '21.3.1-canary.0',
29 silly addNameRange     '21.3.1',
29 silly addNameRange     '21.3.2',
29 silly addNameRange     '21.3.3-canary.0',
29 silly addNameRange     '21.3.3-canary.1',
29 silly addNameRange     '21.3.3-canary.2',
29 silly addNameRange     '21.3.3-canary.3',
29 silly addNameRange     '21.3.3',
29 silly addNameRange     '21.3.4-canary.0',
29 silly addNameRange     '21.3.4-canary.1',
29 silly addNameRange     '21.3.4-canary.2',
29 silly addNameRange     '21.3.4-canary.3',
29 silly addNameRange     '21.3.4-canary.4',
29 silly addNameRange     '21.3.4-canary.5',
29 silly addNameRange     '21.3.4-canary.6',
29 silly addNameRange     '21.3.4-canary.7',
29 silly addNameRange     '21.3.4-canary.8',
29 silly addNameRange     '21.3.4-canary.9',
29 silly addNameRange     '21.3.4-canary.10',
29 silly addNameRange     '21.3.4-canary.11',
29 silly addNameRange     '21.3.4-canary.12',
29 silly addNameRange     '21.3.4-canary.13',
29 silly addNameRange     '22.0.0',
29 silly addNameRange     '22.0.1-canary.0',
29 silly addNameRange     '22.0.1',
29 silly addNameRange     '22.0.2-canary.0',
29 silly addNameRange     '22.0.2-canary.1',
29 silly addNameRange     '22.0.2-canary.2',
29 silly addNameRange     '22.0.2-canary.3',
29 silly addNameRange     '22.0.2-canary.4',
29 silly addNameRange     '22.0.2-canary.5',
29 silly addNameRange     '22.0.2-canary.6',
29 silly addNameRange     '22.0.2-canary.7',
29 silly addNameRange     '23.0.0',
29 silly addNameRange     '23.0.1-canary.0',
29 silly addNameRange     '23.0.1-canary.1',
29 silly addNameRange     '23.0.1-canary.2',
29 silly addNameRange     '23.0.1-canary.3',
29 silly addNameRange     '23.0.1-canary.4',
29 silly addNameRange     '23.0.1',
29 silly addNameRange     '23.0.2-canary.0',
29 silly addNameRange     '23.0.2-canary.1',
29 silly addNameRange     '23.0.2-canary.2',
29 silly addNameRange     '23.0.2-canary.3',
29 silly addNameRange     '23.0.2-canary.4',
29 silly addNameRange     '23.0.2-canary.5',
29 silly addNameRange     '23.0.2-canary.6',
29 silly addNameRange     '23.0.2-canary.7',
29 silly addNameRange     '23.0.2-canary.8',
29 silly addNameRange     '23.0.2-canary.9',
29 silly addNameRange     '23.0.2-canary.10',
29 silly addNameRange     '23.0.2-canary.11',
29 silly addNameRange     '23.0.2-canary.12',
29 silly addNameRange     '23.1.0',
29 silly addNameRange     '23.1.1-canary.0',
29 silly addNameRange     '23.1.1',
29 silly addNameRange     '23.1.2-canary.0',
29 silly addNameRange     '23.1.2-canary.1',
29 silly addNameRange     '23.1.2',
29 silly addNameRange     '23.1.3-canary.0',
29 silly addNameRange     '23.1.3-canary.1',
29 silly addNameRange     '23.1.3-canary.2',
29 silly addNameRange     '23.1.3-canary.3',
29 silly addNameRange     '23.1.3-canary.4',
29 silly addNameRange     '23.1.3-canary.5',
29 silly addNameRange     '23.1.3-canary.6',
29 silly addNameRange     '23.1.3-canary.7',
29 silly addNameRange     '23.1.3-canary.8',
29 silly addNameRange     '23.1.3-canary.9',
29 silly addNameRange     '23.1.3-canary.10',
29 silly addNameRange     '23.1.3-canary.11',
29 silly addNameRange     '23.1.3-canary.12',
29 silly addNameRange     '23.1.3-canary.13',
29 silly addNameRange     '23.1.3-canary.14',
29 silly addNameRange     '23.1.3-canary.15',
29 silly addNameRange     '23.1.3-canary.16',
29 silly addNameRange     '23.1.3-canary.17',
29 silly addNameRange     '23.1.3-canary.18',
29 silly addNameRange     '23.1.3-canary.19',
29 silly addNameRange     '23.1.3-canary.20',
29 silly addNameRange     '23.1.3-canary.21',
29 silly addNameRange     '23.1.3-canary.22',
29 silly addNameRange     '23.1.3-canary.23',
29 silly addNameRange     '23.1.3-canary.24',
29 silly addNameRange     '23.1.3-canary.25',
29 silly addNameRange     '23.1.3-canary.26',
29 silly addNameRange     '23.1.3-canary.27',
29 silly addNameRange     '23.1.3-canary.28',
29 silly addNameRange     '23.1.3-canary.29',
29 silly addNameRange     '23.1.3-canary.30',
29 silly addNameRange     '23.1.3-canary.31',
29 silly addNameRange     '23.1.3-canary.32',
29 silly addNameRange     '23.1.3-canary.33',
29 silly addNameRange     '23.1.3-canary.34',
29 silly addNameRange     '23.1.3-canary.35',
29 silly addNameRange     '23.1.3-canary.36',
29 silly addNameRange     '23.1.3-canary.37',
29 silly addNameRange     '23.1.3-canary.38',
29 silly addNameRange     '23.1.3-canary.39',
29 silly addNameRange     '23.1.3-canary.40',
29 silly addNameRange     '23.1.3-canary.41',
29 silly addNameRange     '23.1.3-canary.42',
29 silly addNameRange     '23.1.3-canary.43',
29 silly addNameRange     '23.1.3-canary.44',
29 silly addNameRange     '23.1.3-canary.45',
29 silly addNameRange     '23.1.3-canary.46',
29 silly addNameRange     '23.1.3-canary.47',
29 silly addNameRange     '23.1.3-canary.48',
29 silly addNameRange     '23.1.3-canary.49',
29 silly addNameRange     '23.1.3-canary.50',
29 silly addNameRange     '23.1.3-canary.51',
29 silly addNameRange     '23.1.3-canary.52',
29 silly addNameRange     '23.1.3-canary.53',
29 silly addNameRange     '23.1.3-canary.54',
29 silly addNameRange     '23.1.3-canary.55',
29 silly addNameRange     '23.1.3-canary.56',
29 silly addNameRange     '23.1.3-canary.57',
29 silly addNameRange     '23.1.3-canary.58',
29 silly addNameRange     '23.1.3-canary.59',
29 silly addNameRange     '23.1.3-canary.60',
29 silly addNameRange     '23.1.3-canary.61',
29 silly addNameRange     '23.1.3-canary.62',
29 silly addNameRange     '23.1.3-canary.63',
29 silly addNameRange     '23.1.3-canary.64',
29 silly addNameRange     '23.1.3-canary.65',
29 silly addNameRange     '23.1.3-canary.66',
29 silly addNameRange     '23.1.3-canary.67',
29 silly addNameRange     '23.1.3-canary.68',
29 silly addNameRange     '23.1.3-canary.69',
29 silly addNameRange     '23.1.3-canary.70',
29 silly addNameRange     '23.1.3-canary.71',
29 silly addNameRange     '23.1.3-canary.72',
29 silly addNameRange     '23.1.3-canary.73',
29 silly addNameRange     '23.1.3-canary.74',
29 silly addNameRange     '23.1.3-canary.75',
29 silly addNameRange     '23.1.3-canary.76',
29 silly addNameRange     '24.0.0',
29 silly addNameRange     '24.0.1-canary.0',
29 silly addNameRange     '24.0.1-canary.1',
29 silly addNameRange     '24.0.1-canary.2',
29 silly addNameRange     '24.0.1-canary.3',
29 silly addNameRange     '24.0.1-canary.4',
29 silly addNameRange     '24.0.1-canary.5',
29 silly addNameRange     '24.0.1-canary.6',
29 silly addNameRange     '24.0.1-canary.7',
29 silly addNameRange     '24.0.1-canary.8',
29 silly addNameRange     '24.0.1-canary.9',
29 silly addNameRange     '24.0.1',
29 silly addNameRange     '24.0.2-canary.0',
29 silly addNameRange     '24.1.0',
29 silly addNameRange     '24.1.1-canary.0',
29 silly addNameRange     '24.1.1-canary.1',
29 silly addNameRange     '24.1.1-canary.2',
29 silly addNameRange     '24.1.1-canary.3',
29 silly addNameRange     '24.1.1-canary.4',
29 silly addNameRange     '24.1.1-canary.5',
29 silly addNameRange     '24.1.1-canary.6',
29 silly addNameRange     '24.1.1-canary.7',
29 silly addNameRange     '24.1.1-canary.8',
29 silly addNameRange     '24.2.0',
29 silly addNameRange     '24.2.1-canary.0',
29 silly addNameRange     '24.2.1-canary.1',
29 silly addNameRange     '24.2.1-canary.2',
29 silly addNameRange     '24.2.1-canary.3',
29 silly addNameRange     '24.2.1-canary.4',
29 silly addNameRange     '24.2.1',
29 silly addNameRange     '24.2.2-canary.1',
29 silly addNameRange     '24.2.2-canary.2',
29 silly addNameRange     '24.2.2',
29 silly addNameRange     '24.2.3-canary.0',
29 silly addNameRange     '24.2.3',
29 silly addNameRange     '24.2.4-canary.0',
29 silly addNameRange     '24.2.4-canary.1',
29 silly addNameRange     '24.2.4',
29 silly addNameRange     '24.2.5-canary.0',
29 silly addNameRange     '24.2.5-canary.1',
29 silly addNameRange     '24.2.5-canary.2',
29 silly addNameRange     '24.2.5-canary.3',
29 silly addNameRange     '24.2.5',
29 silly addNameRange     '24.2.6-canary.0',
29 silly addNameRange     '25.0.0',
29 silly addNameRange     '25.0.1-canary.0',
29 silly addNameRange     '25.0.1',
29 silly addNameRange     '25.0.2-canary.0',
29 silly addNameRange     '25.0.2-canary.1',
29 silly addNameRange     '25.1.0',
29 silly addNameRange     '25.1.1-canary.0',
29 silly addNameRange     '25.1.1-canary.1',
29 silly addNameRange     '25.1.1-canary.2',
29 silly addNameRange     '25.1.1-canary.3',
29 silly addNameRange     '25.1.1-canary.4',
29 silly addNameRange     '25.1.1-canary.5',
29 silly addNameRange     '25.1.1-canary.6',
29 silly addNameRange     '25.1.1-canary.7',
29 silly addNameRange     '25.1.1-canary.8',
29 silly addNameRange     '25.1.1-canary.9',
29 silly addNameRange     '25.1.1-canary.10',
29 silly addNameRange     '25.1.1-canary.11',
29 silly addNameRange     '25.2.0',
29 silly addNameRange     '25.2.1',
29 silly addNameRange     '25.2.2',
29 silly addNameRange     '25.2.3',
29 silly addNameRange     '26.0.0',
29 silly addNameRange     '26.0.1-canary.0',
29 silly addNameRange     '26.0.1-canary.1',
29 silly addNameRange     '27.0.0',
29 silly addNameRange     '27.0.1',
29 silly addNameRange     '27.0.2',
29 silly addNameRange     '27.1.0',
29 silly addNameRange     '27.1.1',
29 silly addNameRange     '27.1.2',
29 silly addNameRange     '27.1.3',
29 silly addNameRange     '27.1.4',
29 silly addNameRange     '27.1.5',
29 silly addNameRange     '27.2.0',
29 silly addNameRange     '27.3.0',
29 silly addNameRange     '27.3.1',
29 silly addNameRange     '27.3.2',
29 silly addNameRange     '27.3.3',
29 silly addNameRange     '27.3.4',
29 silly addNameRange     '27.3.5',
29 silly addNameRange     '27.3.6',
29 silly addNameRange     '27.3.7',
29 silly addNameRange     '27.3.8',
29 silly addNameRange     '27.4.0',
29 silly addNameRange     '28.0.0',
29 silly addNameRange     '28.0.1',
29 silly addNameRange     '28.0.2',
29 silly addNameRange     '28.1.0',
29 silly addNameRange     '28.1.1',
29 silly addNameRange     '28.1.2',
29 silly addNameRange     '28.1.3',
29 silly addNameRange     '28.1.4',
29 silly addNameRange     '28.2.0',
29 silly addNameRange     '28.2.1',
29 silly addNameRange     '28.2.2',
29 silly addNameRange     '28.2.3',
29 silly addNameRange     '28.2.4',
29 silly addNameRange     '28.2.5',
29 silly addNameRange     '28.3.0',
29 silly addNameRange     '28.4.0',
29 silly addNameRange     '28.4.1',
29 silly addNameRange     '28.4.2',
29 silly addNameRange     '28.4.3',
29 silly addNameRange     '28.4.4',
29 silly addNameRange     '28.4.5',
29 silly addNameRange     '28.4.6',
29 silly addNameRange     '28.4.7',
29 silly addNameRange     '28.4.8',
29 silly addNameRange     '28.4.9',
29 silly addNameRange     '28.4.10',
29 silly addNameRange     '28.4.11',
29 silly addNameRange     '28.4.12',
29 silly addNameRange     '28.4.13',
29 silly addNameRange     '28.4.14',
29 silly addNameRange     '28.4.15',
29 silly addNameRange     '28.4.16',
29 silly addNameRange     '28.4.17',
29 silly addNameRange     '28.5.0',
29 silly addNameRange     '28.5.1',
29 silly addNameRange     '28.5.2',
29 silly addNameRange     '28.5.3',
29 silly addNameRange     '28.5.4',
29 silly addNameRange     '28.5.5',
29 silly addNameRange     '28.5.6',
29 silly addNameRange     '28.6.0',
29 silly addNameRange     '28.7.0',
29 silly addNameRange     '28.7.1',
29 silly addNameRange     '28.7.2',
29 silly addNameRange     '28.8.0',
29 silly addNameRange     '28.9.0',
29 silly addNameRange     '28.10.0',
29 silly addNameRange     '28.10.1',
29 silly addNameRange     '28.10.2',
29 silly addNameRange     '28.10.3',
29 silly addNameRange     '28.11.0',
29 silly addNameRange     '28.11.1',
29 silly addNameRange     '28.12.3',
29 silly addNameRange     '28.12.4',
29 silly addNameRange     '28.12.5',
29 silly addNameRange     '28.12.6',
29 silly addNameRange     '28.12.7',
29 silly addNameRange     '28.12.8',
29 silly addNameRange     '28.13.0',
29 silly addNameRange     '28.13.1',
29 silly addNameRange     '28.13.2',
29 silly addNameRange     '28.14.0',
29 silly addNameRange     '28.14.1',
29 silly addNameRange     '28.15.0',
29 silly addNameRange     '28.15.1',
29 silly addNameRange     '28.15.2',
29 silly addNameRange     '28.15.3',
29 silly addNameRange     '28.15.4',
29 silly addNameRange     '28.15.5',
29 silly addNameRange     '28.15.6',
29 silly addNameRange     '28.15.7',
29 silly addNameRange     '28.16.0',
29 silly addNameRange     '28.16.1',
29 silly addNameRange     '28.16.2',
29 silly addNameRange     '28.16.3',
29 silly addNameRange     '28.16.4',
29 silly addNameRange     '28.16.5',
29 silly addNameRange     '28.16.6',
29 silly addNameRange     '28.16.7',
29 silly addNameRange     '28.16.8',
29 silly addNameRange     '28.16.9',
29 silly addNameRange     '28.16.10',
29 silly addNameRange     '28.16.11',
29 silly addNameRange     '28.16.12',
29 silly addNameRange     '28.16.13',
29 silly addNameRange     '28.16.15',
29 silly addNameRange     '28.17.0',
29 silly addNameRange     '28.18.0',
29 silly addNameRange     '28.18.1',
29 silly addNameRange     '28.18.2',
29 silly addNameRange     '28.18.3',
29 silly addNameRange     '28.18.4',
29 silly addNameRange     '28.18.5',
29 silly addNameRange     '28.19.0',
29 silly addNameRange     '28.20.0',
29 silly addNameRange     '29.0.0',
29 silly addNameRange     '29.0.1',
29 silly addNameRange     '29.0.2',
29 silly addNameRange     '29.0.3',
29 silly addNameRange     '29.1.0',
29 silly addNameRange     '29.1.1',
29 silly addNameRange     '29.2.0',
29 silly addNameRange     '29.2.1',
29 silly addNameRange     '29.3.0',
29 silly addNameRange     '29.3.1',
29 silly addNameRange     '29.3.2',
29 silly addNameRange     '29.3.3',
29 silly addNameRange     '29.3.4',
29 silly addNameRange     '29.3.5',
29 silly addNameRange     '29.3.6',
29 silly addNameRange     '29.4.0',
29 silly addNameRange     '30.0.0',
29 silly addNameRange     '30.1.0',
29 silly addNameRange     '30.1.1',
29 silly addNameRange     '30.1.2',
29 silly addNameRange     '30.2.0',
29 silly addNameRange     '30.2.1',
29 silly addNameRange     '30.2.2',
29 silly addNameRange     '30.2.3',
29 silly addNameRange     '31.0.0',
29 silly addNameRange     '31.0.1',
29 silly addNameRange     '31.0.2',
29 silly addNameRange     '31.0.3',
29 silly addNameRange     '31.0.4',
29 silly addNameRange     '31.1.0',
29 silly addNameRange     '31.1.1',
29 silly addNameRange     '31.2.0',
29 silly addNameRange     '31.2.1',
29 silly addNameRange     '31.2.2',
29 silly addNameRange     '31.2.3',
29 silly addNameRange     '31.3.0',
29 silly addNameRange     '31.3.1',
29 silly addNameRange     '31.4.0',
29 silly addNameRange     '32.0.0',
29 silly addNameRange     '32.0.1',
29 silly addNameRange     '32.0.2',
29 silly addNameRange     '32.1.0',
29 silly addNameRange     '32.2.0',
29 silly addNameRange     '32.2.1',
29 silly addNameRange     '32.2.2',
29 silly addNameRange     '32.2.3',
29 silly addNameRange     '32.2.4',
29 silly addNameRange     '32.2.5',
29 silly addNameRange     '32.3.0',
29 silly addNameRange     '32.3.1',
29 silly addNameRange     '32.4.0',
29 silly addNameRange     '32.4.1',
29 silly addNameRange     '32.5.0',
29 silly addNameRange     '32.5.1',
29 silly addNameRange     '32.5.2',
29 silly addNameRange     '32.5.3',
29 silly addNameRange     '32.5.4',
29 silly addNameRange     '32.5.5',
29 silly addNameRange     '32.5.6',
29 silly addNameRange     '32.6.0',
29 silly addNameRange     '32.6.1',
29 silly addNameRange     '32.7.0',
29 silly addNameRange     '32.7.1',
29 silly addNameRange     '32.7.2',
29 silly addNameRange     '33.0.0',
29 silly addNameRange     '33.0.1',
29 silly addNameRange     '33.0.2',
29 silly addNameRange     '33.1.0' ] ]
30 silly addNamed vercel@33.1.0
31 verbose addNamed "33.1.0" is a plain semver version for vercel
32 silly cache afterAdd vercel@33.1.0
33 verbose afterAdd /Users/evanwright/.npm/vercel/33.1.0/package/package.json not in flight; writing
34 verbose afterAdd /Users/evanwright/.npm/vercel/33.1.0/package/package.json written
35 silly install resolved [ { name: 'vercel',
35 silly install resolved     version: '33.1.0',
35 silly install resolved     preferGlobal: true,
35 silly install resolved     license: 'Apache-2.0',
35 silly install resolved     description: 'The command-line interface for Vercel',
35 silly install resolved     homepage: 'https://vercel.com',
35 silly install resolved     repository:
35 silly install resolved      { type: 'git',
35 silly install resolved        url: 'git+https://github.com/vercel/vercel.git',
35 silly install resolved        directory: 'packages/cli' },
35 silly install resolved     bin: { vc: 'dist/index.js', vercel: 'dist/index.js' },
35 silly install resolved     engines: { node: '>= 16' },
35 silly install resolved     dependencies:
35 silly install resolved      { '@vercel/build-utils': '7.5.0',
35 silly install resolved        '@vercel/fun': '1.1.0',
35 silly install resolved        '@vercel/go': '3.0.5',
35 silly install resolved        '@vercel/hydrogen': '1.0.2',
35 silly install resolved        '@vercel/next': '4.0.17',
35 silly install resolved        '@vercel/node': '3.0.16',
35 silly install resolved        '@vercel/python': '4.1.0',
35 silly install resolved        '@vercel/redwood': '2.0.6',
35 silly install resolved        '@vercel/remix-builder': '2.0.17',
35 silly install resolved        '@vercel/ruby': '2.0.4',
35 silly install resolved        '@vercel/static-build': '2.0.17',
35 silly install resolved        chokidar: '3.3.1' },
35 silly install resolved     devDependencies:
35 silly install resolved      { '@alex_neo/jest-expect-message': '1.0.5',
35 silly install resolved        '@edge-runtime/node-utils': '2.2.2',
35 silly install resolved        '@next/env': '11.1.2',
35 silly install resolved        '@sentry/node': '5.5.0',
35 silly install resolved        '@sindresorhus/slugify': '0.11.0',
35 silly install resolved        '@swc/core': '1.2.218',
35 silly install resolved        '@tootallnate/once': '1.1.2',
35 silly install resolved        '@types/async-retry': '1.2.1',
35 silly install resolved        '@types/bytes': '3.0.0',
35 silly install resolved        '@types/chance': '1.1.3',
35 silly install resolved        '@types/debug': '0.0.31',
35 silly install resolved        '@types/dotenv': '6.1.1',
35 silly install resolved        '@types/escape-html': '0.0.20',
35 silly install resolved        '@types/express': '4.17.13',
35 silly install resolved        '@types/fs-extra': '9.0.13',
35 silly install resolved        '@types/glob': '7.1.1',
35 silly install resolved        '@types/http-proxy': '1.16.2',
35 silly install resolved        '@types/ini': '1.3.31',
35 silly install resolved        '@types/inquirer': '7.3.1',
35 silly install resolved        '@types/jest': '27.4.1',
35 silly install resolved        '@types/jest-expect-message': '1.0.3',
35 silly install resolved        '@types/json-parse-better-errors': '1.0.0',
35 silly install resolved        '@types/load-json-file': '2.0.7',
35 silly install resolved        '@types/mime-types': '2.1.0',
35 silly install resolved        '@types/minimatch': '3.0.3',
35 silly install resolved        '@types/ms': '0.7.30',
35 silly install resolved        '@types/node': '14.18.33',
35 silly install resolved        '@types/node-fetch': '2.5.10',
35 silly install resolved        '@types/npm-package-arg': '6.1.0',
35 silly install resolved        '@types/pluralize': '0.0.29',
35 silly install resolved        '@types/psl': '1.1.0',
35 silly install resolved        '@types/qs': '6.9.7',
35 silly install resolved        '@types/semver': '6.0.1',
35 silly install resolved        '@types/tar-fs': '1.16.1',
35 silly install resolved        '@types/text-table': '0.2.0',
35 silly install resolved        '@types/title': '3.4.1',
35 silly install resolved        '@types/universal-analytics': '0.4.2',
35 silly install resolved        '@types/update-notifier': '5.1.0',
35 silly install resolved        '@types/which': '3.0.0',
35 silly install resolved        '@types/write-json-file': '2.2.1',
35 silly install resolved        '@types/yauzl-promise': '2.1.0',
35 silly install resolved        '@vercel-internals/constants': '1.0.4',
35 silly install resolved        '@vercel-internals/get-package-json': '1.0.0',
35 silly install resolved        '@vercel-internals/types': '1.0.20',
35 silly install resolved        '@vercel/client': '13.0.13',
35 silly install resolved        '@vercel/error-utils': '2.0.2',
35 silly install resolved        '@vercel/frameworks': '2.0.6',
35 silly install resolved        '@vercel/fs-detectors': '5.1.6',
35 silly install resolved        '@vercel/routing-utils': '3.1.0',
35 silly install resolved        ajv: '6.12.2',
35 silly install resolved        'alpha-sort': '2.0.1',
35 silly install resolved        'ansi-escapes': '4.3.2',
35 silly install resolved        'ansi-regex': '5.0.1',
35 silly install resolved        arg: '5.0.0',
35 silly install resolved        'async-listen': '3.0.0',
35 silly install resolved        'async-retry': '1.1.3',
35 silly install resolved        'async-sema': '2.1.4',
35 silly install resolved        bytes: '3.0.0',
35 silly install resolved        chalk: '4.1.0',
35 silly install resolved        chance: '1.1.7',
35 silly install resolved        'cli-table3': '0.6.3',
35 silly install resolved        codecov: '3.8.2',
35 silly install resolved        'date-fns': '1.29.0',
35 silly install resolved        debug: '3.1.0',
35 silly install resolved        dot: '1.1.3',
35 silly install resolved        dotenv: '4.0.0',
35 silly install resolved        'email-validator': '1.1.1',
35 silly install resolved        epipebomb: '1.0.0',
35 silly install resolved        'escape-html': '1.0.3',
35 silly install resolved        esm: '3.1.4',
35 silly install resolved        execa: '3.2.0',
35 silly install resolved        expect: '29.5.0',
35 silly install resolved        express: '4.17.1',
35 silly install resolved        'fast-deep-equal': '3.1.3',
35 silly install resolved        'find-up': '4.1.0',
35 silly install resolved        'fs-extra': '10.0.0',
35 silly install resolved        'get-port': '5.1.1',
35 silly install resolved        'git-last-commit': '1.0.1',
35 silly install resolved        glob: '7.1.2',
35 silly install resolved        'http-proxy': '1.18.1',
35 silly install resolved        ini: '3.0.0',
35 silly install resolved        inquirer: '7.0.4',
35 silly install resolved        'is-docker': '2.2.1',
35 silly install resolved        'is-port-reachable': '3.1.0',
35 silly install resolved        'is-url': '1.2.2',
35 silly install resolved        'jaro-winkler': '0.2.8',
35 silly install resolved        'jest-junit': '16.0.0',
35 silly install resolved        'jest-matcher-utils': '29.3.1',
35 silly install resolved        'json-parse-better-errors': '1.0.2',
35 silly install resolved        jsonlines: '0.1.1',
35 silly install resolved        'line-async-iterator': '3.0.0',
35 silly install resolved        'load-json-file': '3.0.0',
35 silly install resolved        'mime-types': '2.1.24',
35 silly install resolved        minimatch: '3.1.2',
35 silly install resolved        ms: '2.1.2',
35 silly install resolved        'node-fetch': '2.6.7',
35 silly install resolved        'npm-package-arg': '6.1.0',
35 silly install resolved        open: '8.4.0',
35 silly install resolved        ora: '3.4.0',
35 silly install resolved        'pcre-to-regexp': '1.0.0',
35 silly install resolved        pluralize: '7.0.0',
35 silly install resolved        promisepipe: '3.0.0',
35 silly install resolved        proxy: '2.0.0',
35 silly install resolved        'proxy-agent': '6.3.0',
35 silly install resolved        psl: '1.1.31',
35 silly install resolved        'qr-image': '3.2.0',
35 silly install resolved        'raw-body': '2.4.1',
35 silly install resolved        rimraf: '3.0.2',
35 silly install resolved        semver: '5.7.2',
35 silly install resolved        'serve-handler': '6.1.1',
35 silly install resolved        'strip-ansi': '6.0.1',
35 silly install resolved        'supports-hyperlinks': '3.0.0',
35 silly install resolved        'tar-fs': '1.16.3',
35 silly install resolved        'text-table': '0.2.0',
35 silly install resolved        title: '3.4.1',
35 silly install resolved        'tmp-promise': '1.0.3',
35 silly install resolved        'tree-kill': '1.2.2',
35 silly install resolved        'ts-node': '10.9.1',
35 silly install resolved        'universal-analytics': '0.4.20',
35 silly install resolved        'utility-types': '2.1.0',
35 silly install resolved        which: '3.0.0',
35 silly install resolved        'write-json-file': '2.2.0',
35 silly install resolved        'xdg-app-paths': '5.1.0',
35 silly install resolved        'yauzl-promise': '2.1.3' },
35 silly install resolved     scripts:
35 silly install resolved      { test: 'jest --reporters=default --reporters=jest-junit --env node --verbose --bail',
35 silly install resolved        'test-unit': 'pnpm test test/unit/',
35 silly install resolved        'test-e2e': 'rimraf test/fixtures/integration && pnpm test test/integration-1.test.ts test/integration-2.test.ts test/integration-3.test.ts',
35 silly install resolved        'test-dev': 'pnpm test test/dev/',
35 silly install resolved        coverage: 'codecov',
35 silly install resolved        build: 'node scripts/build.mjs',
35 silly install resolved        dev: 'ts-node ./src/index.ts',
35 silly install resolved        'type-check': 'tsc --noEmit' },
35 silly install resolved     bugs: { url: 'https://github.com/vercel/vercel/issues' },
35 silly install resolved     _id: 'vercel@33.1.0',
35 silly install resolved     _integrity: 'sha512-b3q5NDEtK1b8+TplIevRdFK34LYxwIPkPZ3tpfu2Pb+i8l+4V8KQt/Fu5Gb08OhL327JSMPbtPLBLa2NieuaZA==',
35 silly install resolved     _resolved: 'https://registry.npmjs.org/vercel/-/vercel-33.1.0.tgz',
35 silly install resolved     _from: 'vercel@*',
35 silly install resolved     _nodeVersion: '16.20.2',
35 silly install resolved     _npmVersion: '9.9.2',
35 silly install resolved     dist:
35 silly install resolved      { integrity: 'sha512-b3q5NDEtK1b8+TplIevRdFK34LYxwIPkPZ3tpfu2Pb+i8l+4V8KQt/Fu5Gb08OhL327JSMPbtPLBLa2NieuaZA==',
35 silly install resolved        shasum: '21690784f01c7bfa87fb2b878d4dd68fe4594619',
35 silly install resolved        tarball: 'https://registry.npmjs.org/vercel/-/vercel-33.1.0.tgz',
35 silly install resolved        fileCount: 7,
35 silly install resolved        unpackedSize: 9069127,
35 silly install resolved        attestations: [Object],
35 silly install resolved        signatures: [Object] },
35 silly install resolved     _npmUser:
35 silly install resolved      { name: 'vercel-release-bot',
35 silly install resolved        email: 'infra+release@vercel.com' },
35 silly install resolved     directories: {},
35 silly install resolved     maintainers:
35 silly install resolved      [ [Object],
35 silly install resolved        [Object],
35 silly install resolved        [Object],
35 silly install resolved        [Object],
35 silly install resolved        [Object],
35 silly install resolved        [Object],
35 silly install resolved        [Object],
35 silly install resolved        [Object],
35 silly install resolved        [Object],
35 silly install resolved        [Object] ],
35 silly install resolved     _npmOperationalInternal:
35 silly install resolved      { host: 's3://npm-registry-packages',
35 silly install resolved        tmp: 'tmp/vercel_33.1.0_1704923590380_0.5937139653661829' },
35 silly install resolved     _hasShrinkwrap: false,
35 silly install resolved     _shasum: '21690784f01c7bfa87fb2b878d4dd68fe4594619',
35 silly install resolved     readme: 'ERROR: No README data found!' } ]
36 info install vercel@33.1.0 into /usr/local/lib
37 info installOne vercel@33.1.0
38 verbose installOne of vercel to /usr/local/lib not in flight; installing
39 verbose lock using /Users/evanwright/.npm/_locks/vercel-cd5e9db4f23d4f97.lock for /usr/local/lib/node_modules/vercel
40 warn engine vercel@33.1.0: wanted: {"node":">= 16"} (current: {"node":"0.12.7","npm":"2.11.3"})
41 silly install write writing vercel 33.1.0 to /usr/local/lib/node_modules/vercel
42 verbose unbuild lib/node_modules/vercel
43 silly gentlyRm /usr/local/lib/node_modules/vercel is being purged from base /usr/local
44 verbose gentlyRm don't care about contents; nuking /usr/local/lib/node_modules/vercel
45 verbose tar unpack /Users/evanwright/.npm/vercel/33.1.0/package.tgz
46 verbose tar unpacking to /usr/local/lib/node_modules/vercel
47 silly gentlyRm /usr/local/lib/node_modules/vercel is being purged
48 verbose gentlyRm don't care about contents; nuking /usr/local/lib/node_modules/vercel
49 silly gunzTarPerm modes [ '755', '644' ]
50 error tar.unpack untar error /Users/evanwright/.npm/vercel/33.1.0/package.tgz
51 verbose unlock done using /Users/evanwright/.npm/_locks/vercel-cd5e9db4f23d4f97.lock for /usr/local/lib/node_modules/vercel
52 verbose fstream_path /usr/local/lib/node_modules/vercel
53 verbose fstream_type Directory
54 verbose fstream_class DirWriter
55 verbose stack Error: EACCES, mkdir '/usr/local/lib/node_modules/vercel'
55 verbose stack     at Error (native)
56 verbose fstream_stack /usr/local/lib/node_modules/npm/node_modules/fstream/lib/dir-writer.js:35:25
56 verbose fstream_stack /usr/local/lib/node_modules/npm/node_modules/mkdirp/index.js:47:53
56 verbose fstream_stack FSReqWrap.oncomplete (fs.js:95:15)
57 verbose cwd /Users/evanwright/Desktop/volleyball_practice_tracker
58 error Darwin 22.5.0
59 error argv "node" "/usr/local/bin/npm" "install" "-g" "vercel"
60 error node v0.12.7
61 error npm  v2.11.3
62 error path /usr/local/lib/node_modules/vercel
63 error code EACCES
64 error errno -13
65 error Error: EACCES, mkdir '/usr/local/lib/node_modules/vercel'
65 error     at Error (native)
65 error  { [Error: EACCES, mkdir '/usr/local/lib/node_modules/vercel']
65 error   errno: -13,
65 error   code: 'EACCES',
65 error   path: '/usr/local/lib/node_modules/vercel',
65 error   fstream_type: 'Directory',
65 error   fstream_path: '/usr/local/lib/node_modules/vercel',
65 error   fstream_class: 'DirWriter',
65 error   fstream_stack:
65 error    [ '/usr/local/lib/node_modules/npm/node_modules/fstream/lib/dir-writer.js:35:25',
65 error      '/usr/local/lib/node_modules/npm/node_modules/mkdirp/index.js:47:53',
65 error      'FSReqWrap.oncomplete (fs.js:95:15)' ] }
66 error Please try running this command again as root/Administrator.
67 verbose exit [ -13, true ]
68 verbose unbuild lib/node_modules/vercel
69 silly gentlyRm /usr/local/lib/node_modules/vercel is being purged from base /usr/local
70 verbose gentlyRm don't care about contents; nuking /usr/local/lib/node_modules/vercel
